Determining if the pthread_create exist failed with the following output:
Change Dir: /home/gerry/Coborg-Platform/franka_ws/ws/robot-autonomy-labs/lab3/cv_bridge_catkin_ws/build/CMakeFiles/CMakeTmp

Run Build Command:"/usr/bin/make" "cmTC_32db4/fast"
/usr/bin/make -f CMakeFiles/cmTC_32db4.dir/build.make CMakeFiles/cmTC_32db4.dir/build
make[1]: Entering directory '/home/gerry/Coborg-Platform/franka_ws/ws/robot-autonomy-labs/lab3/cv_bridge_catkin_ws/build/CMakeFiles/CMakeTmp'
Building C object CMakeFiles/cmTC_32db4.dir/CheckSymbolExists.c.o
/usr/bin/cc    -o CMakeFiles/cmTC_32db4.dir/CheckSymbolExists.c.o   -c /home/gerry/Coborg-Platform/franka_ws/ws/robot-autonomy-labs/lab3/cv_bridge_catkin_ws/build/CMakeFiles/CMakeTmp/CheckSymbolExists.c
Linking C executable cmTC_32db4
/usr/bin/cmake -E cmake_link_script CMakeFiles/cmTC_32db4.dir/link.txt --verbose=1
/usr/bin/cc      -rdynamic CMakeFiles/cmTC_32db4.dir/CheckSymbolExists.c.o  -o cmTC_32db4 
CMakeFiles/cmTC_32db4.dir/CheckSymbolExists.c.o: In function `main':
CheckSymbolExists.c:(.text+0x1b): undefined reference to `pthread_create'
collect2: error: ld returned 1 exit status
CMakeFiles/cmTC_32db4.dir/build.make:97: recipe for target 'cmTC_32db4' failed
make[1]: *** [cmTC_32db4] Error 1
make[1]: Leaving directory '/home/gerry/Coborg-Platform/franka_ws/ws/robot-autonomy-labs/lab3/cv_bridge_catkin_ws/build/CMakeFiles/CMakeTmp'
Makefile:126: recipe for target 'cmTC_32db4/fast' failed
make: *** [cmTC_32db4/fast] Error 2

File /home/gerry/Coborg-Platform/franka_ws/ws/robot-autonomy-labs/lab3/cv_bridge_catkin_ws/build/CMakeFiles/CMakeTmp/CheckSymbolExists.c:
/* */
#include <pthread.h>

int main(int argc, char** argv)
{
  (void)argv;
#ifndef pthread_create
  return ((int*)(&pthread_create))[argc];
#else
  (void)argc;
  return 0;
#endif
}

Determining if the function pthread_create exists in the pthreads failed with the following output:
Change Dir: /home/gerry/Coborg-Platform/franka_ws/ws/robot-autonomy-labs/lab3/cv_bridge_catkin_ws/build/CMakeFiles/CMakeTmp

Run Build Command:"/usr/bin/make" "cmTC_7022a/fast"
/usr/bin/make -f CMakeFiles/cmTC_7022a.dir/build.make CMakeFiles/cmTC_7022a.dir/build
make[1]: Entering directory '/home/gerry/Coborg-Platform/franka_ws/ws/robot-autonomy-labs/lab3/cv_bridge_catkin_ws/build/CMakeFiles/CMakeTmp'
Building C object CMakeFiles/cmTC_7022a.dir/CheckFunctionExists.c.o
/usr/bin/cc   -DCHECK_FUNCTION_EXISTS=pthread_create   -o CMakeFiles/cmTC_7022a.dir/CheckFunctionExists.c.o   -c /usr/share/cmake-3.10/Modules/CheckFunctionExists.c
Linking C executable cmTC_7022a
/usr/bin/cmake -E cmake_link_script CMakeFiles/cmTC_7022a.dir/link.txt --verbose=1
/usr/bin/cc  -DCHECK_FUNCTION_EXISTS=pthread_create    -rdynamic CMakeFiles/cmTC_7022a.dir/CheckFunctionExists.c.o  -o cmTC_7022a -lpthreads 
/usr/bin/ld: cannot find -lpthreads
collect2: error: ld returned 1 exit status
CMakeFiles/cmTC_7022a.dir/build.make:97: recipe for target 'cmTC_7022a' failed
make[1]: *** [cmTC_7022a] Error 1
make[1]: Leaving directory '/home/gerry/Coborg-Platform/franka_ws/ws/robot-autonomy-labs/lab3/cv_bridge_catkin_ws/build/CMakeFiles/CMakeTmp'
Makefile:126: recipe for target 'cmTC_7022a/fast' failed
make: *** [cmTC_7022a/fast] Error 2


